2023-12-07 10:19:57 Loading main app package /tmp/.mount_Obsidi8VHQ21/resources/obsidian.asar
2023-12-07 10:19:57 Checking for update using Github
2023-12-07 10:19:58 Success.
2023-12-07 10:19:58 Latest version is 1.4.16
2023-12-07 10:19:58 App is up to date.
2023-12-07 10:24:31 Loading main app package /tmp/.mount_ObsidiAY6V1o/resources/obsidian.asar
2023-12-07 10:24:32 Checking for update using Github
2023-12-07 10:24:32 Success.
2023-12-07 10:24:32 Latest version is 1.4.16
2023-12-07 10:24:32 App is up to date.
2023-12-07 15:35:41 Loading main app package /tmp/.mount_ObsidiSb37xb/resources/obsidian.asar
2023-12-07 15:35:42 Checking for update using Github
2023-12-07 15:35:42 Success.
2023-12-07 15:35:42 Latest version is 1.4.16
2023-12-07 15:35:42 App is up to date.
2023-12-07 15:37:35 Loading main app package /tmp/.mount_ObsidihXSBn9/resources/obsidian.asar
2023-12-07 15:37:36 Checking for update using Github
2023-12-07 15:37:36 Success.
2023-12-07 15:37:36 Latest version is 1.4.16
2023-12-07 15:37:36 App is up to date.
2023-12-07 15:59:28 Loading main app package /tmp/.mount_Obsidi3ES46N/resources/obsidian.asar
2023-12-07 15:59:30 Checking for update using Github
2023-12-07 15:59:30 Success.
2023-12-07 15:59:30 Latest version is 1.4.16
2023-12-07 15:59:30 App is up to date.
2023-12-07 16:54:45 Loading main app package /tmp/.mount_ObsidipZcEJ5/resources/obsidian.asar
2023-12-07 16:54:46 Checking for update using Github
2023-12-07 16:59:28 Checking for update using Github
2023-12-07 16:59:29 Success.
2023-12-07 16:59:29 Latest version is 1.4.16
2023-12-07 16:59:29 App is up to date.
2023-12-07 17:45:19 Loading main app package /tmp/.mount_Obsidi0yF6i6/resources/obsidian.asar
2023-12-07 17:45:20 Checking for update using Github
2023-12-07 17:45:20 Success.
2023-12-07 17:45:20 Latest version is 1.4.16
2023-12-07 17:45:20 App is up to date.
2023-12-07 17:45:27 Loading main app package /tmp/.mount_Obsidi0lqPN7/resources/obsidian.asar
2023-12-07 17:45:28 Checking for update using Github
2023-12-07 17:45:48 Loading main app package /tmp/.mount_ObsidipHBwnS/resources/obsidian.asar
2023-12-07 17:45:49 Checking for update using Github
2023-12-07 17:45:49 Success.
2023-12-07 17:45:49 Latest version is 1.4.16
2023-12-07 17:45:49 App is up to date.
2023-12-07 18:45:48 Checking for update using Github
2023-12-07 18:45:48 Success.
2023-12-07 18:45:48 Latest version is 1.4.16
2023-12-07 18:45:48 App is up to date.
2023-12-07 19:45:48 Checking for update using Github
2023-12-07 19:45:48 Success.
2023-12-07 19:45:48 Latest version is 1.4.16
2023-12-07 19:45:48 App is up to date.
2023-12-07 20:45:48 Checking for update using Github
2023-12-07 20:45:48 Success.
2023-12-07 20:45:48 Latest version is 1.4.16
2023-12-07 20:45:48 App is up to date.
2023-12-08 10:25:31 Loading main app package /tmp/.mount_ObsidiscaJk9/resources/obsidian.asar
2023-12-08 10:25:32 Checking for update using Github
2023-12-08 10:25:32 Checking for update using Github
2023-12-08 10:25:32 Success.
2023-12-08 10:25:32 Latest version is 1.4.16
2023-12-08 10:25:32 App is up to date.
2023-12-08 10:30:34 Loading main app package /tmp/.mount_ObsidiUtn69O/resources/obsidian.asar
2023-12-08 10:30:34 Checking for update using Github
2023-12-08 10:33:11 Loading main app package /tmp/.mount_ObsidiTkYJvD/resources/obsidian.asar
2023-12-08 10:33:12 Checking for update using Github
2023-12-08 10:33:13 Success.
2023-12-08 10:33:13 Latest version is 1.4.16
2023-12-08 10:33:13 App is up to date.
2023-12-08 10:35:12 Loading main app package /tmp/.mount_ObsidizlXtEf/resources/obsidian.asar
2023-12-08 10:35:12 Checking for update using Github
2023-12-08 10:35:24 Loading main app package /tmp/.mount_ObsidiJMyjaU/resources/obsidian.asar
2023-12-08 10:35:25 Checking for update using Github
2023-12-08 10:36:29 Loading main app package /tmp/.mount_ObsididR4fFa/resources/obsidian.asar
2023-12-08 10:36:30 Checking for update using Github
2023-12-08 10:38:05 Loading main app package /tmp/.mount_ObsidiScg1WV/resources/obsidian.asar
2023-12-08 10:38:06 Checking for update using Github
2023-12-08 10:39:05 Loading main app package /tmp/.mount_ObsidiwhTERe/resources/obsidian.asar
2023-12-08 10:39:05 Checking for update using Github
2023-12-08 10:55:06 Loading main app package /tmp/.mount_ObsidiNT1OvD/resources/obsidian.asar
2023-12-08 10:55:06 Checking for update using Github
2023-12-08 10:56:55 Loading main app package /tmp/.mount_ObsidiuW4aPH/resources/obsidian.asar
2023-12-08 10:56:56 Checking for update using Github
2023-12-08 10:56:57 Success.
2023-12-08 10:56:57 Latest version is 1.4.16
2023-12-08 10:56:57 App is up to date.
2023-12-08 11:03:09 Loading main app package /tmp/.mount_ObsidiYkR4Dl/resources/obsidian.asar
2023-12-08 11:03:10 Checking for update using Github
2023-12-08 11:03:48 Loading main app package /tmp/.mount_ObsidinA10l3/resources/obsidian.asar
2023-12-08 11:03:48 Checking for update using Github
2023-12-08 11:05:04 Loading main app package /tmp/.mount_ObsidierFrDr/resources/obsidian.asar
2023-12-08 11:05:05 Checking for update using Github
2023-12-08 11:05:05 Success.
2023-12-08 11:05:05 Latest version is 1.4.16
2023-12-08 11:05:05 App is up to date.
2023-12-08 11:06:15 Loading main app package /tmp/.mount_ObsidiO21N1V/resources/obsidian.asar
2023-12-08 11:06:16 Checking for update using Github
2023-12-08 11:14:11 Loading main app package /tmp/.mount_ObsidixQKsDI/resources/obsidian.asar
2023-12-08 11:14:12 Checking for update using Github
2023-12-08 11:17:28 Loading main app package /tmp/.mount_ObsidiHerd5Y/resources/obsidian.asar
2023-12-08 11:17:29 Checking for update using Github
2023-12-08 11:22:22 Loading main app package /tmp/.mount_Obsidint06XG/resources/obsidian.asar
2023-12-08 11:22:22 Checking for update using Github
2023-12-08 11:23:11 Loading main app package /tmp/.mount_ObsidiWI76yC/resources/obsidian.asar
2023-12-08 11:23:12 Checking for update using Github
2023-12-08 12:05:04 Checking for update using Github
2023-12-08 12:05:04 Success.
2023-12-08 12:05:04 Latest version is 1.4.16
2023-12-08 12:05:04 App is up to date.
2023-12-08 13:05:04 Checking for update using Github
2023-12-08 13:05:04 Success.
2023-12-08 13:05:04 Latest version is 1.4.16
2023-12-08 13:05:04 App is up to date.
2023-12-08 21:00:16 Loading main app package /tmp/.mount_ObsidiMhKDR5/resources/obsidian.asar
2023-12-08 21:00:18 Checking for update using Github
2023-12-08 21:00:18 Success.
2023-12-08 21:00:18 Latest version is 1.4.16
2023-12-08 21:00:18 App is up to date.
2023-12-09 09:30:14 Loading main app package /tmp/.mount_ObsidinVsTwc/resources/obsidian.asar
2023-12-09 09:30:15 Checking for update using Github
2023-12-09 09:30:15 Success.
2023-12-09 09:30:15 Latest version is 1.4.16
2023-12-09 09:30:15 App is up to date.
2023-12-09 10:30:14 Checking for update using Github
2023-12-09 10:30:14 Success.
2023-12-09 10:30:14 Latest version is 1.4.16
2023-12-09 10:30:14 App is up to date.
2023-12-11 09:40:19 Loading main app package /tmp/.mount_Obsidi5taETy/resources/obsidian.asar
2023-12-11 09:40:20 Checking for update using Github
2023-12-11 09:40:20 Success.
2023-12-11 09:40:20 Latest version is 1.4.16
2023-12-11 09:40:20 App is up to date.
2023-12-11 10:40:19 Checking for update using Github
2023-12-11 10:40:20 Success.
2023-12-11 10:40:20 Latest version is 1.4.16
2023-12-11 10:40:20 App is up to date.
2023-12-11 11:40:20 Checking for update using Github
2023-12-11 11:40:20 Success.
2023-12-11 11:40:20 Latest version is 1.4.16
2023-12-11 11:40:20 App is up to date.
2023-12-11 12:40:20 Checking for update using Github
2023-12-11 12:40:20 Success.
2023-12-11 12:40:20 Latest version is 1.4.16
2023-12-11 12:40:20 App is up to date.
2023-12-11 13:40:20 Checking for update using Github
2023-12-11 13:40:20 Success.
2023-12-11 13:40:20 Latest version is 1.4.16
2023-12-11 13:40:20 App is up to date.
2023-12-11 14:40:20 Checking for update using Github
2023-12-11 14:40:20 Success.
2023-12-11 14:40:20 Latest version is 1.4.16
2023-12-11 14:40:20 App is up to date.
